[INFO ] 2020-01-09 09:27:00 [main] com.kiki.skill.MainApplication - Starting MainApplication on SmallDreamPersonal with PID 18124 (E:\ideacode\skill_kiki\target\classes started by M S I in E:\ideacode\skill_kiki)
[INFO ] 2020-01-09 09:27:00 [main] com.kiki.skill.MainApplication - No active profile set, falling back to default profiles: default
[INFO ] 2020-01-09 09:27:01 [background-preinit] o.h.validator.internal.util.Version - HV000001: Hibernate Validator 5.3.6.Final
[INFO ] 2020-01-09 09:27:01 [main] o.s.b.c.e.AnnotationConfigEmbeddedWebApplicationContext - Refreshing org.springframework.boot.context.embedded.AnnotationConfigEmbeddedWebApplicationContext@7adda9cc: startup date [Thu Jan 09 09:27:01 CST 2020]; root of context hierarchy
[INFO ] 2020-01-09 09:27:03 [main] o.s.c.s.PostProcessorRegistrationDelegate$BeanPostProcessorChecker - Bean 'org.springframework.amqp.rabbit.annotation.RabbitBootstrapConfiguration' of type [org.springframework.amqp.rabbit.annotation.RabbitBootstrapConfiguration$$EnhancerBySpringCGLIB$$5d692d27] is not eligible for getting processed by all BeanPostProcessors (for example: not eligible for auto-proxying)
[INFO ] 2020-01-09 09:27:03 [main] o.s.b.c.e.t.TomcatEmbeddedServletContainer - Tomcat initialized with port(s): 8080 (http)
[INFO ] 2020-01-09 09:27:03 [main] o.a.catalina.core.StandardService - Starting service [Tomcat]
[INFO ] 2020-01-09 09:27:03 [main] o.a.catalina.core.StandardEngine - Starting Servlet Engine: Apache Tomcat/8.5.23
[INFO ] 2020-01-09 09:27:03 [localhost-startStop-1] o.a.c.c.C.[Tomcat].[localhost].[/] - Initializing Spring embedded WebApplicationContext
[INFO ] 2020-01-09 09:27:03 [localhost-startStop-1] o.s.web.context.ContextLoader - Root WebApplicationContext: initialization completed in 2633 ms
[INFO ] 2020-01-09 09:27:04 [localhost-startStop-1] o.s.b.w.s.ServletRegistrationBean - Mapping servlet: 'dispatcherServlet' to [/]
[INFO ] 2020-01-09 09:27:04 [localhost-startStop-1] o.s.b.w.s.FilterRegistrationBean - Mapping filter: 'characterEncodingFilter' to: [/*]
[INFO ] 2020-01-09 09:27:04 [localhost-startStop-1] o.s.b.w.s.FilterRegistrationBean - Mapping filter: 'hiddenHttpMethodFilter' to: [/*]
[INFO ] 2020-01-09 09:27:04 [localhost-startStop-1] o.s.b.w.s.FilterRegistrationBean - Mapping filter: 'httpPutFormContentFilter' to: [/*]
[INFO ] 2020-01-09 09:27:04 [localhost-startStop-1] o.s.b.w.s.FilterRegistrationBean - Mapping filter: 'requestContextFilter' to: [/*]
[INFO ] 2020-01-09 09:27:04 [localhost-startStop-1] o.s.b.w.s.FilterRegistrationBean - Mapping filter: 'resourceUrlEncodingFilter' to: [/*]
[INFO ] 2020-01-09 09:27:05 [main] o.s.w.s.m.m.a.RequestMappingHandlerAdapter - Looking for @ControllerAdvice: org.springframework.boot.context.embedded.AnnotationConfigEmbeddedWebApplicationContext@7adda9cc: startup date [Thu Jan 09 09:27:01 CST 2020]; root of context hierarchy
[INFO ] 2020-01-09 09:27:05 [main] o.s.w.s.m.m.a.RequestMappingHandlerMapping - Mapped "{[/demo/error]}" onto public com.kiki.skill.result.ResultData<com.kiki.skill.result.MsgCode> com.kiki.skill.controller.DemoController.error()
[INFO ] 2020-01-09 09:27:05 [main] o.s.w.s.m.m.a.RequestMappingHandlerMapping - Mapped "{[/demo/template]}" onto public java.lang.String com.kiki.skill.controller.DemoController.template(org.springframework.ui.Model)
[INFO ] 2020-01-09 09:27:05 [main] o.s.w.s.m.m.a.RequestMappingHandlerMapping - Mapped "{[/demo/success]}" onto public com.kiki.skill.result.ResultData<java.lang.String> com.kiki.skill.controller.DemoController.success()
[INFO ] 2020-01-09 09:27:05 [main] o.s.w.s.m.m.a.RequestMappingHandlerMapping - Mapped "{[/demo/mq]}" onto public com.kiki.skill.result.ResultData com.kiki.skill.controller.DemoController.getMQ()
[INFO ] 2020-01-09 09:27:05 [main] o.s.w.s.m.m.a.RequestMappingHandlerMapping - Mapped "{[/demo/user]}" onto public com.kiki.skill.result.ResultData<com.kiki.skill.domain.User> com.kiki.skill.controller.DemoController.findUserById()
[INFO ] 2020-01-09 09:27:05 [main] o.s.w.s.m.m.a.RequestMappingHandlerMapping - Mapped "{[/demo/redis1]}" onto public com.kiki.skill.result.ResultData<com.kiki.skill.domain.User> com.kiki.skill.controller.DemoController.getRedis1()
[INFO ] 2020-01-09 09:27:05 [main] o.s.w.s.m.m.a.RequestMappingHandlerMapping - Mapped "{[/demo/del]}" onto public com.kiki.skill.result.ResultData<java.lang.Long> com.kiki.skill.controller.DemoController.getdel()
[INFO ] 2020-01-09 09:27:05 [main] o.s.w.s.m.m.a.RequestMappingHandlerMapping - Mapped "{[/demo/redis2]}" onto public com.kiki.skill.result.ResultData<java.lang.Boolean> com.kiki.skill.controller.DemoController.getRedis2()
[INFO ] 2020-01-09 09:27:05 [main] o.s.w.s.m.m.a.RequestMappingHandlerMapping - Mapped "{[/demo/incr]}" onto public com.kiki.skill.result.ResultData<java.lang.Long> com.kiki.skill.controller.DemoController.getincr()
[INFO ] 2020-01-09 09:27:05 [main] o.s.w.s.m.m.a.RequestMappingHandlerMapping - Mapped "{[/demo/decr]}" onto public com.kiki.skill.result.ResultData<java.lang.Long> com.kiki.skill.controller.DemoController.getdecr()
[INFO ] 2020-01-09 09:27:05 [main] o.s.w.s.m.m.a.RequestMappingHandlerMapping - Mapped "{[/goods/to_list],produces=[text/html]}" onto public java.lang.String com.kiki.skill.controller.GoodsController.toList(org.springframework.ui.Model,com.kiki.skill.domain.SkillUser,javax.servlet.http.HttpServletResponse,javax.servlet.http.HttpServletRequest)
[INFO ] 2020-01-09 09:27:05 [main] o.s.w.s.m.m.a.RequestMappingHandlerMapping - Mapped "{[/goods/to_detail_noCache/{goodsId}]}" onto public java.lang.String com.kiki.skill.controller.GoodsController.toDetailNoCache(org.springframework.ui.Model,com.kiki.skill.domain.SkillUser,long)
[INFO ] 2020-01-09 09:27:05 [main] o.s.w.s.m.m.a.RequestMappingHandlerMapping - Mapped "{[/goods/to_list_noCache]}" onto public java.lang.String com.kiki.skill.controller.GoodsController.toListNoCache(org.springframework.ui.Model,com.kiki.skill.domain.SkillUser)
[INFO ] 2020-01-09 09:27:05 [main] o.s.w.s.m.m.a.RequestMappingHandlerMapping - Mapped "{[/goods/to_listDemo]}" onto public java.lang.String com.kiki.skill.controller.GoodsController.toListDemo(org.springframework.ui.Model,javax.servlet.http.HttpServletResponse,java.lang.String,java.lang.String)
[INFO ] 2020-01-09 09:27:05 [main] o.s.w.s.m.m.a.RequestMappingHandlerMapping - Mapped "{[/goods/to_detail/{goodsId}]}" onto public com.kiki.skill.result.ResultData<com.kiki.skill.vo.GoodsDetailVo> com.kiki.skill.controller.GoodsController.toDetailCache(org.springframework.ui.Model,com.kiki.skill.domain.SkillUser,javax.servlet.http.HttpServletRequest,javax.servlet.http.HttpServletResponse,long)
[INFO ] 2020-01-09 09:27:05 [main] o.s.w.s.m.m.a.RequestMappingHandlerMapping - Mapped "{[/login/do_login]}" onto public com.kiki.skill.result.ResultData<java.lang.Boolean> com.kiki.skill.controller.LoginController.doLogin(javax.servlet.http.HttpServletResponse,com.kiki.skill.vo.LoginVo)
[INFO ] 2020-01-09 09:27:05 [main] o.s.w.s.m.m.a.RequestMappingHandlerMapping - Mapped "{[/login/to_login1]}" onto public java.lang.String com.kiki.skill.controller.LoginController.login()
[INFO ] 2020-01-09 09:27:05 [main] o.s.w.s.m.m.a.RequestMappingHandlerMapping - Mapped "{[/login/to_login2]}" onto public java.lang.String com.kiki.skill.controller.LoginController.login2()
[INFO ] 2020-01-09 09:27:05 [main] o.s.w.s.m.m.a.RequestMappingHandlerMapping - Mapped "{[/miaosha/do_miaosha],methods=[POST]}" onto public com.kiki.skill.result.ResultData<com.kiki.skill.domain.OrderInfo> com.kiki.skill.controller.MiaoShaController.doMiaoSha(org.springframework.ui.Model,com.kiki.skill.domain.SkillUser,java.lang.Long)
[INFO ] 2020-01-09 09:27:05 [main] o.s.w.s.m.m.a.RequestMappingHandlerMapping - Mapped "{[/order/detail]}" onto public com.kiki.skill.result.ResultData<com.kiki.skill.vo.OrderDetailVo> com.kiki.skill.controller.OrderController.orderDetail(com.kiki.skill.domain.SkillUser,long)
[INFO ] 2020-01-09 09:27:05 [main] o.s.w.s.m.m.a.RequestMappingHandlerMapping - Mapped "{[/error]}" onto public org.springframework.http.ResponseEntity<java.util.Map<java.lang.String, java.lang.Object>> org.springframework.boot.autoconfigure.web.BasicErrorController.error(javax.servlet.http.HttpServletRequest)
[INFO ] 2020-01-09 09:27:05 [main] o.s.w.s.m.m.a.RequestMappingHandlerMapping - Mapped "{[/error],produces=[text/html]}" onto public org.springframework.web.servlet.ModelAndView org.springframework.boot.autoconfigure.web.BasicErrorController.errorHtml(javax.servlet.http.HttpServletRequest,javax.servlet.http.HttpServletResponse)
[INFO ] 2020-01-09 09:27:05 [main] o.s.w.s.h.SimpleUrlHandlerMapping - Mapped URL path [/webjars/**] onto handler of type [class org.springframework.web.servlet.resource.ResourceHttpRequestHandler]
[INFO ] 2020-01-09 09:27:05 [main] o.s.w.s.h.SimpleUrlHandlerMapping - Mapped URL path [/**] onto handler of type [class org.springframework.web.servlet.resource.ResourceHttpRequestHandler]
[INFO ] 2020-01-09 09:27:05 [main] o.s.w.s.m.m.a.ExceptionHandlerExceptionResolver - Detected @ExceptionHandler methods in globalExceptionHandler
[INFO ] 2020-01-09 09:27:05 [main] o.s.w.s.h.SimpleUrlHandlerMapping - Mapped URL path [/**/favicon.ico] onto handler of type [class org.springframework.web.servlet.resource.ResourceHttpRequestHandler]
[INFO ] 2020-01-09 09:27:05 [main] o.s.j.e.a.AnnotationMBeanExporter - Registering beans for JMX exposure on startup
[INFO ] 2020-01-09 09:27:05 [main] o.s.j.e.a.AnnotationMBeanExporter - Bean with name 'dataSource' has been autodetected for JMX exposure
[INFO ] 2020-01-09 09:27:05 [main] o.s.j.e.a.AnnotationMBeanExporter - Bean with name 'rabbitConnectionFactory' has been autodetected for JMX exposure
[INFO ] 2020-01-09 09:27:05 [main] o.s.j.e.a.AnnotationMBeanExporter - Located MBean 'dataSource': registering with JMX server as MBean [com.alibaba.druid.pool:name=dataSource,type=DruidDataSource]
[INFO ] 2020-01-09 09:27:05 [main] o.s.j.e.a.AnnotationMBeanExporter - Located managed bean 'rabbitConnectionFactory': registering with JMX server as MBean [org.springframework.amqp.rabbit.connection:name=rabbitConnectionFactory,type=CachingConnectionFactory]
[INFO ] 2020-01-09 09:27:05 [main] o.s.c.s.DefaultLifecycleProcessor - Starting beans in phase 2147483647
[INFO ] 2020-01-09 09:27:05 [SimpleAsyncTaskExecutor-1] o.s.a.r.c.CachingConnectionFactory - Created new connection: rabbitConnectionFactory#219a0e9f:0/SimpleConnection@5be1c62e [delegate=amqp://sqq@127.0.0.1:5672/, localPort= 55479]
[INFO ] 2020-01-09 09:27:06 [main] o.a.coyote.http11.Http11NioProtocol - Initializing ProtocolHandler ["http-nio-8080"]
[INFO ] 2020-01-09 09:27:06 [main] o.a.coyote.http11.Http11NioProtocol - Starting ProtocolHandler ["http-nio-8080"]
[INFO ] 2020-01-09 09:27:06 [main] o.a.tomcat.util.net.NioSelectorPool - Using a shared selector for servlet write/read
[INFO ] 2020-01-09 09:27:06 [main] o.s.b.c.e.t.TomcatEmbeddedServletContainer - Tomcat started on port(s): 8080 (http)
[INFO ] 2020-01-09 09:27:06 [main] com.kiki.skill.MainApplication - Started MainApplication in 5.776 seconds (JVM running for 8.163)
[INFO ] 2020-01-09 09:27:09 [http-nio-8080-exec-2] o.a.c.c.C.[Tomcat].[localhost].[/] - Initializing Spring FrameworkServlet 'dispatcherServlet'
[INFO ] 2020-01-09 09:27:09 [http-nio-8080-exec-2] o.s.web.servlet.DispatcherServlet - FrameworkServlet 'dispatcherServlet': initialization started
[INFO ] 2020-01-09 09:27:09 [http-nio-8080-exec-2] o.s.web.servlet.DispatcherServlet - FrameworkServlet 'dispatcherServlet': initialization completed in 26 ms
[INFO ] 2020-01-09 09:27:09 [http-nio-8080-exec-2] com.kiki.skill.rabbitmq.MQSender - send  fanout message: "TEst Data MQ"
[INFO ] 2020-01-09 09:27:21 [http-nio-8080-exec-3] com.kiki.skill.rabbitmq.MQSender - send  fanout message: "TEst Data MQ"
[INFO ] 2020-01-09 09:32:03 [main] com.kiki.skill.MainApplication - Starting MainApplication on SmallDreamPersonal with PID 11284 (E:\ideacode\skill_kiki\target\classes started by M S I in E:\ideacode\skill_kiki)
[INFO ] 2020-01-09 09:32:03 [main] com.kiki.skill.MainApplication - No active profile set, falling back to default profiles: default
[INFO ] 2020-01-09 09:32:03 [background-preinit] o.h.validator.internal.util.Version - HV000001: Hibernate Validator 5.3.6.Final
[INFO ] 2020-01-09 09:32:03 [main] o.s.b.c.e.AnnotationConfigEmbeddedWebApplicationContext - Refreshing org.springframework.boot.context.embedded.AnnotationConfigEmbeddedWebApplicationContext@5cee5251: startup date [Thu Jan 09 09:32:03 CST 2020]; root of context hierarchy
[INFO ] 2020-01-09 09:32:05 [main] o.s.c.s.PostProcessorRegistrationDelegate$BeanPostProcessorChecker - Bean 'org.springframework.amqp.rabbit.annotation.RabbitBootstrapConfiguration' of type [org.springframework.amqp.rabbit.annotation.RabbitBootstrapConfiguration$$EnhancerBySpringCGLIB$$936bb391] is not eligible for getting processed by all BeanPostProcessors (for example: not eligible for auto-proxying)
[INFO ] 2020-01-09 09:32:05 [main] o.s.b.c.e.t.TomcatEmbeddedServletContainer - Tomcat initialized with port(s): 8080 (http)
[INFO ] 2020-01-09 09:32:05 [main] o.a.catalina.core.StandardService - Starting service [Tomcat]
[INFO ] 2020-01-09 09:32:05 [main] o.a.catalina.core.StandardEngine - Starting Servlet Engine: Apache Tomcat/8.5.23
[INFO ] 2020-01-09 09:32:05 [localhost-startStop-1] o.a.c.c.C.[Tomcat].[localhost].[/] - Initializing Spring embedded WebApplicationContext
[INFO ] 2020-01-09 09:32:05 [localhost-startStop-1] o.s.web.context.ContextLoader - Root WebApplicationContext: initialization completed in 1550 ms
[INFO ] 2020-01-09 09:32:05 [localhost-startStop-1] o.s.b.w.s.ServletRegistrationBean - Mapping servlet: 'dispatcherServlet' to [/]
[INFO ] 2020-01-09 09:32:05 [localhost-startStop-1] o.s.b.w.s.FilterRegistrationBean - Mapping filter: 'characterEncodingFilter' to: [/*]
[INFO ] 2020-01-09 09:32:05 [localhost-startStop-1] o.s.b.w.s.FilterRegistrationBean - Mapping filter: 'hiddenHttpMethodFilter' to: [/*]
[INFO ] 2020-01-09 09:32:05 [localhost-startStop-1] o.s.b.w.s.FilterRegistrationBean - Mapping filter: 'httpPutFormContentFilter' to: [/*]
[INFO ] 2020-01-09 09:32:05 [localhost-startStop-1] o.s.b.w.s.FilterRegistrationBean - Mapping filter: 'requestContextFilter' to: [/*]
[INFO ] 2020-01-09 09:32:05 [localhost-startStop-1] o.s.b.w.s.FilterRegistrationBean - Mapping filter: 'resourceUrlEncodingFilter' to: [/*]
[INFO ] 2020-01-09 09:32:06 [main] o.s.w.s.m.m.a.RequestMappingHandlerAdapter - Looking for @ControllerAdvice: org.springframework.boot.context.embedded.AnnotationConfigEmbeddedWebApplicationContext@5cee5251: startup date [Thu Jan 09 09:32:03 CST 2020]; root of context hierarchy
[INFO ] 2020-01-09 09:32:06 [main] o.s.w.s.m.m.a.RequestMappingHandlerMapping - Mapped "{[/demo/error]}" onto public com.kiki.skill.result.ResultData<com.kiki.skill.result.MsgCode> com.kiki.skill.controller.DemoController.error()
[INFO ] 2020-01-09 09:32:06 [main] o.s.w.s.m.m.a.RequestMappingHandlerMapping - Mapped "{[/demo/template]}" onto public java.lang.String com.kiki.skill.controller.DemoController.template(org.springframework.ui.Model)
[INFO ] 2020-01-09 09:32:06 [main] o.s.w.s.m.m.a.RequestMappingHandlerMapping - Mapped "{[/demo/success]}" onto public com.kiki.skill.result.ResultData<java.lang.String> com.kiki.skill.controller.DemoController.success()
[INFO ] 2020-01-09 09:32:06 [main] o.s.w.s.m.m.a.RequestMappingHandlerMapping - Mapped "{[/demo/redis1]}" onto public com.kiki.skill.result.ResultData<com.kiki.skill.domain.User> com.kiki.skill.controller.DemoController.getRedis1()
[INFO ] 2020-01-09 09:32:06 [main] o.s.w.s.m.m.a.RequestMappingHandlerMapping - Mapped "{[/demo/incr]}" onto public com.kiki.skill.result.ResultData<java.lang.Long> com.kiki.skill.controller.DemoController.getincr()
[INFO ] 2020-01-09 09:32:06 [main] o.s.w.s.m.m.a.RequestMappingHandlerMapping - Mapped "{[/demo/user]}" onto public com.kiki.skill.result.ResultData<com.kiki.skill.domain.User> com.kiki.skill.controller.DemoController.findUserById()
[INFO ] 2020-01-09 09:32:06 [main] o.s.w.s.m.m.a.RequestMappingHandlerMapping - Mapped "{[/demo/decr]}" onto public com.kiki.skill.result.ResultData<java.lang.Long> com.kiki.skill.controller.DemoController.getdecr()
[INFO ] 2020-01-09 09:32:06 [main] o.s.w.s.m.m.a.RequestMappingHandlerMapping - Mapped "{[/demo/del]}" onto public com.kiki.skill.result.ResultData<java.lang.Long> com.kiki.skill.controller.DemoController.getdel()
[INFO ] 2020-01-09 09:32:06 [main] o.s.w.s.m.m.a.RequestMappingHandlerMapping - Mapped "{[/demo/redis2]}" onto public com.kiki.skill.result.ResultData<java.lang.Boolean> com.kiki.skill.controller.DemoController.getRedis2()
[INFO ] 2020-01-09 09:32:06 [main] o.s.w.s.m.m.a.RequestMappingHandlerMapping - Mapped "{[/demo/mq]}" onto public com.kiki.skill.result.ResultData com.kiki.skill.controller.DemoController.getMQ()
[INFO ] 2020-01-09 09:32:06 [main] o.s.w.s.m.m.a.RequestMappingHandlerMapping - Mapped "{[/goods/to_list],produces=[text/html]}" onto public java.lang.String com.kiki.skill.controller.GoodsController.toList(org.springframework.ui.Model,com.kiki.skill.domain.SkillUser,javax.servlet.http.HttpServletResponse,javax.servlet.http.HttpServletRequest)
[INFO ] 2020-01-09 09:32:06 [main] o.s.w.s.m.m.a.RequestMappingHandlerMapping - Mapped "{[/goods/to_list_noCache]}" onto public java.lang.String com.kiki.skill.controller.GoodsController.toListNoCache(org.springframework.ui.Model,com.kiki.skill.domain.SkillUser)
[INFO ] 2020-01-09 09:32:06 [main] o.s.w.s.m.m.a.RequestMappingHandlerMapping - Mapped "{[/goods/to_detail_noCache/{goodsId}]}" onto public java.lang.String com.kiki.skill.controller.GoodsController.toDetailNoCache(org.springframework.ui.Model,com.kiki.skill.domain.SkillUser,long)
[INFO ] 2020-01-09 09:32:06 [main] o.s.w.s.m.m.a.RequestMappingHandlerMapping - Mapped "{[/goods/to_detail/{goodsId}]}" onto public com.kiki.skill.result.ResultData<com.kiki.skill.vo.GoodsDetailVo> com.kiki.skill.controller.GoodsController.toDetailCache(org.springframework.ui.Model,com.kiki.skill.domain.SkillUser,javax.servlet.http.HttpServletRequest,javax.servlet.http.HttpServletResponse,long)
[INFO ] 2020-01-09 09:32:06 [main] o.s.w.s.m.m.a.RequestMappingHandlerMapping - Mapped "{[/goods/to_listDemo]}" onto public java.lang.String com.kiki.skill.controller.GoodsController.toListDemo(org.springframework.ui.Model,javax.servlet.http.HttpServletResponse,java.lang.String,java.lang.String)
[INFO ] 2020-01-09 09:32:06 [main] o.s.w.s.m.m.a.RequestMappingHandlerMapping - Mapped "{[/login/to_login2]}" onto public java.lang.String com.kiki.skill.controller.LoginController.login2()
[INFO ] 2020-01-09 09:32:06 [main] o.s.w.s.m.m.a.RequestMappingHandlerMapping - Mapped "{[/login/to_login1]}" onto public java.lang.String com.kiki.skill.controller.LoginController.login()
[INFO ] 2020-01-09 09:32:06 [main] o.s.w.s.m.m.a.RequestMappingHandlerMapping - Mapped "{[/login/do_login]}" onto public com.kiki.skill.result.ResultData<java.lang.Boolean> com.kiki.skill.controller.LoginController.doLogin(javax.servlet.http.HttpServletResponse,com.kiki.skill.vo.LoginVo)
[INFO ] 2020-01-09 09:32:06 [main] o.s.w.s.m.m.a.RequestMappingHandlerMapping - Mapped "{[/miaosha/do_miaosha],methods=[POST]}" onto public com.kiki.skill.result.ResultData<com.kiki.skill.domain.OrderInfo> com.kiki.skill.controller.MiaoShaController.doMiaoSha(org.springframework.ui.Model,com.kiki.skill.domain.SkillUser,java.lang.Long)
[INFO ] 2020-01-09 09:32:06 [main] o.s.w.s.m.m.a.RequestMappingHandlerMapping - Mapped "{[/order/detail]}" onto public com.kiki.skill.result.ResultData<com.kiki.skill.vo.OrderDetailVo> com.kiki.skill.controller.OrderController.orderDetail(com.kiki.skill.domain.SkillUser,long)
[INFO ] 2020-01-09 09:32:06 [main] o.s.w.s.m.m.a.RequestMappingHandlerMapping - Mapped "{[/error]}" onto public org.springframework.http.ResponseEntity<java.util.Map<java.lang.String, java.lang.Object>> org.springframework.boot.autoconfigure.web.BasicErrorController.error(javax.servlet.http.HttpServletRequest)
[INFO ] 2020-01-09 09:32:06 [main] o.s.w.s.m.m.a.RequestMappingHandlerMapping - Mapped "{[/error],produces=[text/html]}" onto public org.springframework.web.servlet.ModelAndView org.springframework.boot.autoconfigure.web.BasicErrorController.errorHtml(javax.servlet.http.HttpServletRequest,javax.servlet.http.HttpServletResponse)
[INFO ] 2020-01-09 09:32:06 [main] o.s.w.s.h.SimpleUrlHandlerMapping - Mapped URL path [/webjars/**] onto handler of type [class org.springframework.web.servlet.resource.ResourceHttpRequestHandler]
[INFO ] 2020-01-09 09:32:06 [main] o.s.w.s.h.SimpleUrlHandlerMapping - Mapped URL path [/**] onto handler of type [class org.springframework.web.servlet.resource.ResourceHttpRequestHandler]
[INFO ] 2020-01-09 09:32:06 [main] o.s.w.s.m.m.a.ExceptionHandlerExceptionResolver - Detected @ExceptionHandler methods in globalExceptionHandler
[INFO ] 2020-01-09 09:32:06 [main] o.s.w.s.h.SimpleUrlHandlerMapping - Mapped URL path [/**/favicon.ico] onto handler of type [class org.springframework.web.servlet.resource.ResourceHttpRequestHandler]
[INFO ] 2020-01-09 09:32:06 [main] o.s.j.e.a.AnnotationMBeanExporter - Registering beans for JMX exposure on startup
[INFO ] 2020-01-09 09:32:06 [main] o.s.j.e.a.AnnotationMBeanExporter - Bean with name 'dataSource' has been autodetected for JMX exposure
[INFO ] 2020-01-09 09:32:07 [main] o.s.j.e.a.AnnotationMBeanExporter - Bean with name 'rabbitConnectionFactory' has been autodetected for JMX exposure
[INFO ] 2020-01-09 09:32:07 [main] o.s.j.e.a.AnnotationMBeanExporter - Located MBean 'dataSource': registering with JMX server as MBean [com.alibaba.druid.pool:name=dataSource,type=DruidDataSource]
[INFO ] 2020-01-09 09:32:07 [main] o.s.j.e.a.AnnotationMBeanExporter - Located managed bean 'rabbitConnectionFactory': registering with JMX server as MBean [org.springframework.amqp.rabbit.connection:name=rabbitConnectionFactory,type=CachingConnectionFactory]
[INFO ] 2020-01-09 09:32:07 [main] o.s.c.s.DefaultLifecycleProcessor - Starting beans in phase 2147483647
[INFO ] 2020-01-09 09:32:07 [SimpleAsyncTaskExecutor-1] o.s.a.r.c.CachingConnectionFactory - Created new connection: rabbitConnectionFactory#52369c1a:0/SimpleConnection@7941d879 [delegate=amqp://sqq@127.0.0.1:5672/, localPort= 55812]
[INFO ] 2020-01-09 09:32:07 [main] o.a.coyote.http11.Http11NioProtocol - Initializing ProtocolHandler ["http-nio-8080"]
[INFO ] 2020-01-09 09:32:07 [main] o.a.coyote.http11.Http11NioProtocol - Starting ProtocolHandler ["http-nio-8080"]
[INFO ] 2020-01-09 09:32:07 [main] o.a.tomcat.util.net.NioSelectorPool - Using a shared selector for servlet write/read
[INFO ] 2020-01-09 09:32:07 [main] o.s.b.c.e.t.TomcatEmbeddedServletContainer - Tomcat started on port(s): 8080 (http)
[INFO ] 2020-01-09 09:32:07 [main] com.kiki.skill.MainApplication - Started MainApplication in 3.978 seconds (JVM running for 5.772)
[INFO ] 2020-01-09 09:32:20 [http-nio-8080-exec-1] o.a.c.c.C.[Tomcat].[localhost].[/] - Initializing Spring FrameworkServlet 'dispatcherServlet'
[INFO ] 2020-01-09 09:32:20 [http-nio-8080-exec-1] o.s.web.servlet.DispatcherServlet - FrameworkServlet 'dispatcherServlet': initialization started
[INFO ] 2020-01-09 09:32:20 [http-nio-8080-exec-1] o.s.web.servlet.DispatcherServlet - FrameworkServlet 'dispatcherServlet': initialization completed in 18 ms
[INFO ] 2020-01-09 09:32:20 [http-nio-8080-exec-1] com.kiki.skill.rabbitmq.MQSender - send  fanout message: "TEst Data MQ"
[INFO ] 2020-01-09 09:32:54 [http-nio-8080-exec-3] com.kiki.skill.rabbitmq.MQSender - send  fanout message: "TEst Data MQ"
[INFO ] 2020-01-09 09:53:16 [main] com.kiki.skill.MainApplication - Starting MainApplication on SmallDreamPersonal with PID 56384 (E:\ideacode\skill_kiki\target\classes started by M S I in E:\ideacode\skill_kiki)
[INFO ] 2020-01-09 09:53:16 [main] com.kiki.skill.MainApplication - No active profile set, falling back to default profiles: default
[INFO ] 2020-01-09 09:53:17 [main] o.s.b.c.e.AnnotationConfigEmbeddedWebApplicationContext - Refreshing org.springframework.boot.context.embedded.AnnotationConfigEmbeddedWebApplicationContext@7adda9cc: startup date [Thu Jan 09 09:53:17 CST 2020]; root of context hierarchy
[INFO ] 2020-01-09 09:53:17 [background-preinit] o.h.validator.internal.util.Version - HV000001: Hibernate Validator 5.3.6.Final
[INFO ] 2020-01-09 09:53:18 [main] o.s.c.s.PostProcessorRegistrationDelegate$BeanPostProcessorChecker - Bean 'org.springframework.amqp.rabbit.annotation.RabbitBootstrapConfiguration' of type [org.springframework.amqp.rabbit.annotation.RabbitBootstrapConfiguration$$EnhancerBySpringCGLIB$$b1aa3277] is not eligible for getting processed by all BeanPostProcessors (for example: not eligible for auto-proxying)
[INFO ] 2020-01-09 09:53:18 [main] o.s.b.c.e.t.TomcatEmbeddedServletContainer - Tomcat initialized with port(s): 8080 (http)
[INFO ] 2020-01-09 09:53:18 [main] o.a.catalina.core.StandardService - Starting service [Tomcat]
[INFO ] 2020-01-09 09:53:18 [main] o.a.catalina.core.StandardEngine - Starting Servlet Engine: Apache Tomcat/8.5.23
[INFO ] 2020-01-09 09:53:18 [localhost-startStop-1] o.a.c.c.C.[Tomcat].[localhost].[/] - Initializing Spring embedded WebApplicationContext
[INFO ] 2020-01-09 09:53:18 [localhost-startStop-1] o.s.web.context.ContextLoader - Root WebApplicationContext: initialization completed in 1706 ms
[INFO ] 2020-01-09 09:53:19 [localhost-startStop-1] o.s.b.w.s.ServletRegistrationBean - Mapping servlet: 'dispatcherServlet' to [/]
[INFO ] 2020-01-09 09:53:19 [localhost-startStop-1] o.s.b.w.s.FilterRegistrationBean - Mapping filter: 'characterEncodingFilter' to: [/*]
[INFO ] 2020-01-09 09:53:19 [localhost-startStop-1] o.s.b.w.s.FilterRegistrationBean - Mapping filter: 'hiddenHttpMethodFilter' to: [/*]
[INFO ] 2020-01-09 09:53:19 [localhost-startStop-1] o.s.b.w.s.FilterRegistrationBean - Mapping filter: 'httpPutFormContentFilter' to: [/*]
[INFO ] 2020-01-09 09:53:19 [localhost-startStop-1] o.s.b.w.s.FilterRegistrationBean - Mapping filter: 'requestContextFilter' to: [/*]
[INFO ] 2020-01-09 09:53:19 [localhost-startStop-1] o.s.b.w.s.FilterRegistrationBean - Mapping filter: 'resourceUrlEncodingFilter' to: [/*]
[INFO ] 2020-01-09 09:53:20 [main] o.s.w.s.m.m.a.RequestMappingHandlerAdapter - Looking for @ControllerAdvice: org.springframework.boot.context.embedded.AnnotationConfigEmbeddedWebApplicationContext@7adda9cc: startup date [Thu Jan 09 09:53:17 CST 2020]; root of context hierarchy
[INFO ] 2020-01-09 09:53:20 [main] o.s.w.s.m.m.a.RequestMappingHandlerMapping - Mapped "{[/demo/error]}" onto public com.kiki.skill.result.ResultData<com.kiki.skill.result.MsgCode> com.kiki.skill.controller.DemoController.error()
[INFO ] 2020-01-09 09:53:20 [main] o.s.w.s.m.m.a.RequestMappingHandlerMapping - Mapped "{[/demo/template]}" onto public java.lang.String com.kiki.skill.controller.DemoController.template(org.springframework.ui.Model)
[INFO ] 2020-01-09 09:53:20 [main] o.s.w.s.m.m.a.RequestMappingHandlerMapping - Mapped "{[/demo/user]}" onto public com.kiki.skill.result.ResultData<com.kiki.skill.domain.User> com.kiki.skill.controller.DemoController.findUserById()
[INFO ] 2020-01-09 09:53:20 [main] o.s.w.s.m.m.a.RequestMappingHandlerMapping - Mapped "{[/demo/success]}" onto public com.kiki.skill.result.ResultData<java.lang.String> com.kiki.skill.controller.DemoController.success()
[INFO ] 2020-01-09 09:53:20 [main] o.s.w.s.m.m.a.RequestMappingHandlerMapping - Mapped "{[/demo/del]}" onto public com.kiki.skill.result.ResultData<java.lang.Long> com.kiki.skill.controller.DemoController.getdel()
[INFO ] 2020-01-09 09:53:20 [main] o.s.w.s.m.m.a.RequestMappingHandlerMapping - Mapped "{[/demo/decr]}" onto public com.kiki.skill.result.ResultData<java.lang.Long> com.kiki.skill.controller.DemoController.getdecr()
[INFO ] 2020-01-09 09:53:20 [main] o.s.w.s.m.m.a.RequestMappingHandlerMapping - Mapped "{[/demo/redis2]}" onto public com.kiki.skill.result.ResultData<java.lang.Boolean> com.kiki.skill.controller.DemoController.getRedis2()
[INFO ] 2020-01-09 09:53:20 [main] o.s.w.s.m.m.a.RequestMappingHandlerMapping - Mapped "{[/demo/incr]}" onto public com.kiki.skill.result.ResultData<java.lang.Long> com.kiki.skill.controller.DemoController.getincr()
[INFO ] 2020-01-09 09:53:20 [main] o.s.w.s.m.m.a.RequestMappingHandlerMapping - Mapped "{[/demo/redis1]}" onto public com.kiki.skill.result.ResultData<com.kiki.skill.domain.User> com.kiki.skill.controller.DemoController.getRedis1()
[INFO ] 2020-01-09 09:53:20 [main] o.s.w.s.m.m.a.RequestMappingHandlerMapping - Mapped "{[/demo/mq]}" onto public com.kiki.skill.result.ResultData com.kiki.skill.controller.DemoController.getMQ()
[INFO ] 2020-01-09 09:53:20 [main] o.s.w.s.m.m.a.RequestMappingHandlerMapping - Mapped "{[/goods/to_list],produces=[text/html]}" onto public java.lang.String com.kiki.skill.controller.GoodsController.toList(org.springframework.ui.Model,com.kiki.skill.domain.SkillUser,javax.servlet.http.HttpServletResponse,javax.servlet.http.HttpServletRequest)
[INFO ] 2020-01-09 09:53:20 [main] o.s.w.s.m.m.a.RequestMappingHandlerMapping - Mapped "{[/goods/to_list_noCache]}" onto public java.lang.String com.kiki.skill.controller.GoodsController.toListNoCache(org.springframework.ui.Model,com.kiki.skill.domain.SkillUser)
[INFO ] 2020-01-09 09:53:20 [main] o.s.w.s.m.m.a.RequestMappingHandlerMapping - Mapped "{[/goods/to_detail/{goodsId}]}" onto public com.kiki.skill.result.ResultData<com.kiki.skill.vo.GoodsDetailVo> com.kiki.skill.controller.GoodsController.toDetailCache(org.springframework.ui.Model,com.kiki.skill.domain.SkillUser,javax.servlet.http.HttpServletRequest,javax.servlet.http.HttpServletResponse,long)
[INFO ] 2020-01-09 09:53:20 [main] o.s.w.s.m.m.a.RequestMappingHandlerMapping - Mapped "{[/goods/to_listDemo]}" onto public java.lang.String com.kiki.skill.controller.GoodsController.toListDemo(org.springframework.ui.Model,javax.servlet.http.HttpServletResponse,java.lang.String,java.lang.String)
[INFO ] 2020-01-09 09:53:20 [main] o.s.w.s.m.m.a.RequestMappingHandlerMapping - Mapped "{[/goods/to_detail_noCache/{goodsId}]}" onto public java.lang.String com.kiki.skill.controller.GoodsController.toDetailNoCache(org.springframework.ui.Model,com.kiki.skill.domain.SkillUser,long)
[INFO ] 2020-01-09 09:53:20 [main] o.s.w.s.m.m.a.RequestMappingHandlerMapping - Mapped "{[/login/to_login1]}" onto public java.lang.String com.kiki.skill.controller.LoginController.login()
[INFO ] 2020-01-09 09:53:20 [main] o.s.w.s.m.m.a.RequestMappingHandlerMapping - Mapped "{[/login/to_login2]}" onto public java.lang.String com.kiki.skill.controller.LoginController.login2()
[INFO ] 2020-01-09 09:53:20 [main] o.s.w.s.m.m.a.RequestMappingHandlerMapping - Mapped "{[/login/do_login]}" onto public com.kiki.skill.result.ResultData<java.lang.Boolean> com.kiki.skill.controller.LoginController.doLogin(javax.servlet.http.HttpServletResponse,com.kiki.skill.vo.LoginVo)
[INFO ] 2020-01-09 09:53:20 [main] o.s.w.s.m.m.a.RequestMappingHandlerMapping - Mapped "{[/miaosha/do_miaosha],methods=[POST]}" onto public com.kiki.skill.result.ResultData<com.kiki.skill.domain.OrderInfo> com.kiki.skill.controller.MiaoShaController.doMiaoSha(org.springframework.ui.Model,com.kiki.skill.domain.SkillUser,java.lang.Long)
[INFO ] 2020-01-09 09:53:20 [main] o.s.w.s.m.m.a.RequestMappingHandlerMapping - Mapped "{[/order/detail]}" onto public com.kiki.skill.result.ResultData<com.kiki.skill.vo.OrderDetailVo> com.kiki.skill.controller.OrderController.orderDetail(com.kiki.skill.domain.SkillUser,long)
[INFO ] 2020-01-09 09:53:20 [main] o.s.w.s.m.m.a.RequestMappingHandlerMapping - Mapped "{[/error]}" onto public org.springframework.http.ResponseEntity<java.util.Map<java.lang.String, java.lang.Object>> org.springframework.boot.autoconfigure.web.BasicErrorController.error(javax.servlet.http.HttpServletRequest)
[INFO ] 2020-01-09 09:53:20 [main] o.s.w.s.m.m.a.RequestMappingHandlerMapping - Mapped "{[/error],produces=[text/html]}" onto public org.springframework.web.servlet.ModelAndView org.springframework.boot.autoconfigure.web.BasicErrorController.errorHtml(javax.servlet.http.HttpServletRequest,javax.servlet.http.HttpServletResponse)
[INFO ] 2020-01-09 09:53:20 [main] o.s.w.s.h.SimpleUrlHandlerMapping - Mapped URL path [/webjars/**] onto handler of type [class org.springframework.web.servlet.resource.ResourceHttpRequestHandler]
[INFO ] 2020-01-09 09:53:20 [main] o.s.w.s.h.SimpleUrlHandlerMapping - Mapped URL path [/**] onto handler of type [class org.springframework.web.servlet.resource.ResourceHttpRequestHandler]
[INFO ] 2020-01-09 09:53:20 [main] o.s.w.s.m.m.a.ExceptionHandlerExceptionResolver - Detected @ExceptionHandler methods in globalExceptionHandler
[INFO ] 2020-01-09 09:53:20 [main] o.s.w.s.h.SimpleUrlHandlerMapping - Mapped URL path [/**/favicon.ico] onto handler of type [class org.springframework.web.servlet.resource.ResourceHttpRequestHandler]
[INFO ] 2020-01-09 09:53:20 [main] o.s.j.e.a.AnnotationMBeanExporter - Registering beans for JMX exposure on startup
[INFO ] 2020-01-09 09:53:20 [main] o.s.j.e.a.AnnotationMBeanExporter - Bean with name 'dataSource' has been autodetected for JMX exposure
[INFO ] 2020-01-09 09:53:20 [main] o.s.j.e.a.AnnotationMBeanExporter - Bean with name 'rabbitConnectionFactory' has been autodetected for JMX exposure
[INFO ] 2020-01-09 09:53:20 [main] o.s.j.e.a.AnnotationMBeanExporter - Located MBean 'dataSource': registering with JMX server as MBean [com.alibaba.druid.pool:name=dataSource,type=DruidDataSource]
[INFO ] 2020-01-09 09:53:20 [main] o.s.j.e.a.AnnotationMBeanExporter - Located managed bean 'rabbitConnectionFactory': registering with JMX server as MBean [org.springframework.amqp.rabbit.connection:name=rabbitConnectionFactory,type=CachingConnectionFactory]
[INFO ] 2020-01-09 09:53:20 [main] o.s.c.s.DefaultLifecycleProcessor - Starting beans in phase 2147483647
[INFO ] 2020-01-09 09:53:20 [SimpleAsyncTaskExecutor-1] o.s.a.r.c.CachingConnectionFactory - Created new connection: rabbitConnectionFactory#1aacdff9:0/SimpleConnection@5826edac [delegate=amqp://sqq@127.0.0.1:5672/, localPort= 57377]
[INFO ] 2020-01-09 09:53:20 [main] o.a.coyote.http11.Http11NioProtocol - Initializing ProtocolHandler ["http-nio-8080"]
[INFO ] 2020-01-09 09:53:20 [main] o.a.coyote.http11.Http11NioProtocol - Starting ProtocolHandler ["http-nio-8080"]
[INFO ] 2020-01-09 09:53:20 [main] o.a.tomcat.util.net.NioSelectorPool - Using a shared selector for servlet write/read
[INFO ] 2020-01-09 09:53:20 [main] o.s.b.c.e.t.TomcatEmbeddedServletContainer - Tomcat started on port(s): 8080 (http)
[INFO ] 2020-01-09 09:53:20 [main] com.kiki.skill.MainApplication - Started MainApplication in 4.446 seconds (JVM running for 7.097)
[INFO ] 2020-01-09 09:53:32 [http-nio-8080-exec-1] o.a.c.c.C.[Tomcat].[localhost].[/] - Initializing Spring FrameworkServlet 'dispatcherServlet'
[INFO ] 2020-01-09 09:53:32 [http-nio-8080-exec-1] o.s.web.servlet.DispatcherServlet - FrameworkServlet 'dispatcherServlet': initialization started
[INFO ] 2020-01-09 09:53:32 [http-nio-8080-exec-1] o.s.web.servlet.DispatcherServlet - FrameworkServlet 'dispatcherServlet': initialization completed in 18 ms
[INFO ] 2020-01-09 09:53:32 [http-nio-8080-exec-1] com.kiki.skill.rabbitmq.MQSender - send  fanout message: "TEst Data MQ"
[INFO ] 2020-01-09 09:54:55 [main] com.kiki.skill.MainApplication - Starting MainApplication on SmallDreamPersonal with PID 64804 (E:\ideacode\skill_kiki\target\classes started by M S I in E:\ideacode\skill_kiki)
[INFO ] 2020-01-09 09:54:55 [main] com.kiki.skill.MainApplication - No active profile set, falling back to default profiles: default
[INFO ] 2020-01-09 09:54:55 [main] o.s.b.c.e.AnnotationConfigEmbeddedWebApplicationContext - Refreshing org.springframework.boot.context.embedded.AnnotationConfigEmbeddedWebApplicationContext@5cee5251: startup date [Thu Jan 09 09:54:55 CST 2020]; root of context hierarchy
[INFO ] 2020-01-09 09:54:55 [background-preinit] o.h.validator.internal.util.Version - HV000001: Hibernate Validator 5.3.6.Final
[INFO ] 2020-01-09 09:54:56 [main] o.s.c.s.PostProcessorRegistrationDelegate$BeanPostProcessorChecker - Bean 'org.springframework.amqp.rabbit.annotation.RabbitBootstrapConfiguration' of type [org.springframework.amqp.rabbit.annotation.RabbitBootstrapConfiguration$$EnhancerBySpringCGLIB$$79617b7e] is not eligible for getting processed by all BeanPostProcessors (for example: not eligible for auto-proxying)
[INFO ] 2020-01-09 09:54:56 [main] o.s.b.c.e.t.TomcatEmbeddedServletContainer - Tomcat initialized with port(s): 8080 (http)
[INFO ] 2020-01-09 09:54:56 [main] o.a.catalina.core.StandardService - Starting service [Tomcat]
[INFO ] 2020-01-09 09:54:56 [main] o.a.catalina.core.StandardEngine - Starting Servlet Engine: Apache Tomcat/8.5.23
[INFO ] 2020-01-09 09:54:57 [localhost-startStop-1] o.a.c.c.C.[Tomcat].[localhost].[/] - Initializing Spring embedded WebApplicationContext
[INFO ] 2020-01-09 09:54:57 [localhost-startStop-1] o.s.web.context.ContextLoader - Root WebApplicationContext: initialization completed in 1268 ms
[INFO ] 2020-01-09 09:54:57 [localhost-startStop-1] o.s.b.w.s.ServletRegistrationBean - Mapping servlet: 'dispatcherServlet' to [/]
[INFO ] 2020-01-09 09:54:57 [localhost-startStop-1] o.s.b.w.s.FilterRegistrationBean - Mapping filter: 'characterEncodingFilter' to: [/*]
[INFO ] 2020-01-09 09:54:57 [localhost-startStop-1] o.s.b.w.s.FilterRegistrationBean - Mapping filter: 'hiddenHttpMethodFilter' to: [/*]
[INFO ] 2020-01-09 09:54:57 [localhost-startStop-1] o.s.b.w.s.FilterRegistrationBean - Mapping filter: 'httpPutFormContentFilter' to: [/*]
[INFO ] 2020-01-09 09:54:57 [localhost-startStop-1] o.s.b.w.s.FilterRegistrationBean - Mapping filter: 'requestContextFilter' to: [/*]
[INFO ] 2020-01-09 09:54:57 [localhost-startStop-1] o.s.b.w.s.FilterRegistrationBean - Mapping filter: 'resourceUrlEncodingFilter' to: [/*]
[INFO ] 2020-01-09 09:54:58 [main] o.s.w.s.m.m.a.RequestMappingHandlerAdapter - Looking for @ControllerAdvice: org.springframework.boot.context.embedded.AnnotationConfigEmbeddedWebApplicationContext@5cee5251: startup date [Thu Jan 09 09:54:55 CST 2020]; root of context hierarchy
[INFO ] 2020-01-09 09:54:58 [main] o.s.w.s.m.m.a.RequestMappingHandlerMapping - Mapped "{[/demo/error]}" onto public com.kiki.skill.result.ResultData<com.kiki.skill.result.MsgCode> com.kiki.skill.controller.DemoController.error()
[INFO ] 2020-01-09 09:54:58 [main] o.s.w.s.m.m.a.RequestMappingHandlerMapping - Mapped "{[/demo/template]}" onto public java.lang.String com.kiki.skill.controller.DemoController.template(org.springframework.ui.Model)
[INFO ] 2020-01-09 09:54:58 [main] o.s.w.s.m.m.a.RequestMappingHandlerMapping - Mapped "{[/demo/success]}" onto public com.kiki.skill.result.ResultData<java.lang.String> com.kiki.skill.controller.DemoController.success()
[INFO ] 2020-01-09 09:54:58 [main] o.s.w.s.m.m.a.RequestMappingHandlerMapping - Mapped "{[/demo/user]}" onto public com.kiki.skill.result.ResultData<com.kiki.skill.domain.User> com.kiki.skill.controller.DemoController.findUserById()
[INFO ] 2020-01-09 09:54:58 [main] o.s.w.s.m.m.a.RequestMappingHandlerMapping - Mapped "{[/demo/redis1]}" onto public com.kiki.skill.result.ResultData<com.kiki.skill.domain.User> com.kiki.skill.controller.DemoController.getRedis1()
[INFO ] 2020-01-09 09:54:58 [main] o.s.w.s.m.m.a.RequestMappingHandlerMapping - Mapped "{[/demo/incr]}" onto public com.kiki.skill.result.ResultData<java.lang.Long> com.kiki.skill.controller.DemoController.getincr()
[INFO ] 2020-01-09 09:54:58 [main] o.s.w.s.m.m.a.RequestMappingHandlerMapping - Mapped "{[/demo/decr]}" onto public com.kiki.skill.result.ResultData<java.lang.Long> com.kiki.skill.controller.DemoController.getdecr()
[INFO ] 2020-01-09 09:54:58 [main] o.s.w.s.m.m.a.RequestMappingHandlerMapping - Mapped "{[/demo/del]}" onto public com.kiki.skill.result.ResultData<java.lang.Long> com.kiki.skill.controller.DemoController.getdel()
[INFO ] 2020-01-09 09:54:58 [main] o.s.w.s.m.m.a.RequestMappingHandlerMapping - Mapped "{[/demo/mq]}" onto public com.kiki.skill.result.ResultData com.kiki.skill.controller.DemoController.getMQ()
[INFO ] 2020-01-09 09:54:58 [main] o.s.w.s.m.m.a.RequestMappingHandlerMapping - Mapped "{[/demo/redis2]}" onto public com.kiki.skill.result.ResultData<java.lang.Boolean> com.kiki.skill.controller.DemoController.getRedis2()
[INFO ] 2020-01-09 09:54:58 [main] o.s.w.s.m.m.a.RequestMappingHandlerMapping - Mapped "{[/goods/to_list],produces=[text/html]}" onto public java.lang.String com.kiki.skill.controller.GoodsController.toList(org.springframework.ui.Model,com.kiki.skill.domain.SkillUser,javax.servlet.http.HttpServletResponse,javax.servlet.http.HttpServletRequest)
[INFO ] 2020-01-09 09:54:58 [main] o.s.w.s.m.m.a.RequestMappingHandlerMapping - Mapped "{[/goods/to_list_noCache]}" onto public java.lang.String com.kiki.skill.controller.GoodsController.toListNoCache(org.springframework.ui.Model,com.kiki.skill.domain.SkillUser)
[INFO ] 2020-01-09 09:54:58 [main] o.s.w.s.m.m.a.RequestMappingHandlerMapping - Mapped "{[/goods/to_detail/{goodsId}]}" onto public com.kiki.skill.result.ResultData<com.kiki.skill.vo.GoodsDetailVo> com.kiki.skill.controller.GoodsController.toDetailCache(org.springframework.ui.Model,com.kiki.skill.domain.SkillUser,javax.servlet.http.HttpServletRequest,javax.servlet.http.HttpServletResponse,long)
[INFO ] 2020-01-09 09:54:58 [main] o.s.w.s.m.m.a.RequestMappingHandlerMapping - Mapped "{[/goods/to_listDemo]}" onto public java.lang.String com.kiki.skill.controller.GoodsController.toListDemo(org.springframework.ui.Model,javax.servlet.http.HttpServletResponse,java.lang.String,java.lang.String)
[INFO ] 2020-01-09 09:54:58 [main] o.s.w.s.m.m.a.RequestMappingHandlerMapping - Mapped "{[/goods/to_detail_noCache/{goodsId}]}" onto public java.lang.String com.kiki.skill.controller.GoodsController.toDetailNoCache(org.springframework.ui.Model,com.kiki.skill.domain.SkillUser,long)
[INFO ] 2020-01-09 09:54:58 [main] o.s.w.s.m.m.a.RequestMappingHandlerMapping - Mapped "{[/login/do_login]}" onto public com.kiki.skill.result.ResultData<java.lang.Boolean> com.kiki.skill.controller.LoginController.doLogin(javax.servlet.http.HttpServletResponse,com.kiki.skill.vo.LoginVo)
[INFO ] 2020-01-09 09:54:58 [main] o.s.w.s.m.m.a.RequestMappingHandlerMapping - Mapped "{[/login/to_login2]}" onto public java.lang.String com.kiki.skill.controller.LoginController.login2()
[INFO ] 2020-01-09 09:54:58 [main] o.s.w.s.m.m.a.RequestMappingHandlerMapping - Mapped "{[/login/to_login1]}" onto public java.lang.String com.kiki.skill.controller.LoginController.login()
[INFO ] 2020-01-09 09:54:58 [main] o.s.w.s.m.m.a.RequestMappingHandlerMapping - Mapped "{[/miaosha/do_miaosha],methods=[POST]}" onto public com.kiki.skill.result.ResultData<com.kiki.skill.domain.OrderInfo> com.kiki.skill.controller.MiaoShaController.doMiaoSha(org.springframework.ui.Model,com.kiki.skill.domain.SkillUser,java.lang.Long)
[INFO ] 2020-01-09 09:54:58 [main] o.s.w.s.m.m.a.RequestMappingHandlerMapping - Mapped "{[/order/detail]}" onto public com.kiki.skill.result.ResultData<com.kiki.skill.vo.OrderDetailVo> com.kiki.skill.controller.OrderController.orderDetail(com.kiki.skill.domain.SkillUser,long)
[INFO ] 2020-01-09 09:54:58 [main] o.s.w.s.m.m.a.RequestMappingHandlerMapping - Mapped "{[/error]}" onto public org.springframework.http.ResponseEntity<java.util.Map<java.lang.String, java.lang.Object>> org.springframework.boot.autoconfigure.web.BasicErrorController.error(javax.servlet.http.HttpServletRequest)
[INFO ] 2020-01-09 09:54:58 [main] o.s.w.s.m.m.a.RequestMappingHandlerMapping - Mapped "{[/error],produces=[text/html]}" onto public org.springframework.web.servlet.ModelAndView org.springframework.boot.autoconfigure.web.BasicErrorController.errorHtml(javax.servlet.http.HttpServletRequest,javax.servlet.http.HttpServletResponse)
[INFO ] 2020-01-09 09:54:58 [main] o.s.w.s.h.SimpleUrlHandlerMapping - Mapped URL path [/webjars/**] onto handler of type [class org.springframework.web.servlet.resource.ResourceHttpRequestHandler]
[INFO ] 2020-01-09 09:54:58 [main] o.s.w.s.h.SimpleUrlHandlerMapping - Mapped URL path [/**] onto handler of type [class org.springframework.web.servlet.resource.ResourceHttpRequestHandler]
[INFO ] 2020-01-09 09:54:58 [main] o.s.w.s.m.m.a.ExceptionHandlerExceptionResolver - Detected @ExceptionHandler methods in globalExceptionHandler
[INFO ] 2020-01-09 09:54:58 [main] o.s.w.s.h.SimpleUrlHandlerMapping - Mapped URL path [/**/favicon.ico] onto handler of type [class org.springframework.web.servlet.resource.ResourceHttpRequestHandler]
[INFO ] 2020-01-09 09:54:58 [main] o.s.j.e.a.AnnotationMBeanExporter - Registering beans for JMX exposure on startup
[INFO ] 2020-01-09 09:54:58 [main] o.s.j.e.a.AnnotationMBeanExporter - Bean with name 'dataSource' has been autodetected for JMX exposure
[INFO ] 2020-01-09 09:54:58 [main] o.s.j.e.a.AnnotationMBeanExporter - Bean with name 'rabbitConnectionFactory' has been autodetected for JMX exposure
[INFO ] 2020-01-09 09:54:58 [main] o.s.j.e.a.AnnotationMBeanExporter - Located MBean 'dataSource': registering with JMX server as MBean [com.alibaba.druid.pool:name=dataSource,type=DruidDataSource]
[INFO ] 2020-01-09 09:54:58 [main] o.s.j.e.a.AnnotationMBeanExporter - Located managed bean 'rabbitConnectionFactory': registering with JMX server as MBean [org.springframework.amqp.rabbit.connection:name=rabbitConnectionFactory,type=CachingConnectionFactory]
[INFO ] 2020-01-09 09:54:58 [main] o.s.c.s.DefaultLifecycleProcessor - Starting beans in phase 2147483647
[INFO ] 2020-01-09 09:54:58 [SimpleAsyncTaskExecutor-1] o.s.a.r.c.CachingConnectionFactory - Created new connection: rabbitConnectionFactory#5a4314f8:0/SimpleConnection@50d5b734 [delegate=amqp://sqq@127.0.0.1:5672/, localPort= 57494]
[INFO ] 2020-01-09 09:54:58 [main] o.a.coyote.http11.Http11NioProtocol - Initializing ProtocolHandler ["http-nio-8080"]
[INFO ] 2020-01-09 09:54:58 [main] o.a.coyote.http11.Http11NioProtocol - Starting ProtocolHandler ["http-nio-8080"]
[INFO ] 2020-01-09 09:54:58 [main] o.a.tomcat.util.net.NioSelectorPool - Using a shared selector for servlet write/read
[INFO ] 2020-01-09 09:54:58 [main] o.s.b.c.e.t.TomcatEmbeddedServletContainer - Tomcat started on port(s): 8080 (http)
[INFO ] 2020-01-09 09:54:58 [main] com.kiki.skill.MainApplication - Started MainApplication in 3.477 seconds (JVM running for 5.44)
[INFO ] 2020-01-09 09:55:05 [http-nio-8080-exec-1] o.a.c.c.C.[Tomcat].[localhost].[/] - Initializing Spring FrameworkServlet 'dispatcherServlet'
[INFO ] 2020-01-09 09:55:05 [http-nio-8080-exec-1] o.s.web.servlet.DispatcherServlet - FrameworkServlet 'dispatcherServlet': initialization started
[INFO ] 2020-01-09 09:55:05 [http-nio-8080-exec-1] o.s.web.servlet.DispatcherServlet - FrameworkServlet 'dispatcherServlet': initialization completed in 20 ms
[INFO ] 2020-01-09 09:55:05 [http-nio-8080-exec-1] com.kiki.skill.rabbitmq.MQSender - send  fanout message: "TEst Data MQ"
[INFO ] 2020-01-09 09:55:05 [SimpleAsyncTaskExecutor-1] com.kiki.skill.rabbitmq.MQReceiver - receiveHead  message: "TEst Data MQ"
